Angular.ng-template
burkeholland.simple-react-snippets
CoenraadS.bracket-pair-colorizer
dbaeumer.vscode-eslint
dsznajder.es7-react-js-snippets
ecmel.vscode-html-css
EditorConfig.EditorConfig
eg2.vscode-npm-script
esbenp.prettier-vscode
fivethree.vscode-ionic-snippets
formulahendry.terminal
geyao.html-snippets
ionic-preview.ionic-preview
johnpapa.angular-essentials
johnpapa.Angular2
johnpapa.vscode-peacock
johnpapa.winteriscoming
JuanBlanco.solidity
kyledh.json2model
lonefy.vscode-JS-CSS-HTML-formatter
MariusAlchimavicius.json-to-ts
MS-CEINTL.vscode-language-pack-es
ms-vscode-remote.remote-wsl
ms-vscode.vscode-typescript-tslint-plugin
msjsdiag.debugger-for-chrome
msjsdiag.debugger-for-edge
nrwl.angular-console
oudZy.ionic2-snippets
PKief.material-icon-theme
pmneo.tsimporter
Shan.code-settings-sync
steoates.autoimport
Wscats.qf
xabikos.JavaScriptSnippets
xabikos.ReactSnippets
